[debug] [2025-11-02T09:08:43.104Z] ----------------------------------------------------------------------
[debug] [2025-11-02T09:08:43.105Z] Command:       /usr/local/bin/node /Users/watanabeyuusaku/.npm/_npx/7750544ccf494d8b/node_modules/.bin/firebase init
[debug] [2025-11-02T09:08:43.106Z] CLI Version:   14.23.0
[debug] [2025-11-02T09:08:43.106Z] Platform:      darwin
[debug] [2025-11-02T09:08:43.106Z] Node Version:  v22.16.0
[debug] [2025-11-02T09:08:43.106Z] Time:          Sun Nov 02 2025 18:08:43 GMT+0900 (日本標準時)
[debug] [2025-11-02T09:08:43.106Z] ----------------------------------------------------------------------
[debug] 
[info] 
     ######## #### ########  ######## ########     ###     ######  ########
     ##        ##  ##     ## ##       ##     ##  ##   ##  ##       ##
     ######    ##  ########  ######   ########  #########  ######  ######
     ##        ##  ##    ##  ##       ##     ## ##     ##       ## ##
     ##       #### ##     ## ######## ########  ##     ##  ######  ########

You're about to initialize a Firebase project in this directory:

  /Users/watanabeyuusaku/Desktop/value_chat

[info] 
=== Project Setup
[info] 
[info] First, let's associate this project directory with a Firebase project.
[info] You can create multiple project aliases by running firebase use --add, 
[info] 
[debug] [2025-11-02T09:09:27.847Z] ExitPromptError: User force closed the prompt with SIGINT
    at Interface.sigint (/Users/watanabeyuusaku/.npm/_npx/7750544ccf494d8b/node_modules/@inquirer/core/dist/commonjs/lib/create-prompt.js:101:37)
    at Interface.emit (node:events:518:28)
    at Interface.emit (node:domain:489:12)
    at [_ttyWrite] [as _ttyWrite] (node:internal/readline/interface:1128:18)
    at ReadStream.onkeypress (node:internal/readline/interface:267:20)
    at ReadStream.emit (node:events:530:35)
    at ReadStream.emit (node:domain:489:12)
    at emitKeys (node:internal/readline/utils:370:14)
    at emitKeys.next (<anonymous>)
    at ReadStream.onData (node:internal/readline/emitKeypressEvents:64:36)
[error] 
[error] Error: An unexpected error has occurred.
